Arguments: 
  C:\Program Files\nodejs\node.exe C:\Program Files (x86)\Yarn\bin\yarn.js --info

PATH: 
  C:\Python36\Scripts\;C:\Python36\;C:\ProgramData\Oracle\Java\javapath;C:\WINDOWS\system32;C:\WINDOWS;C:\WINDOWS\System32\Wbem;C:\WINDOWS\System32\WindowsPowerShell\v1.0\;C:\Program Files (x86)\ATI Technologies\ATI.ACE\Core-Static;C:\Program Files\Git\cmd;C:\xampp\php;C:\ProgramData\ComposerSetup\bin;C:\ProgramData\chocolatey\bin;C:\Program Files (x86)\Yarn\bin;C:\phantomjs\bin;C:\casperjs\bin;C:\Program Files\nodejs\;C:\Users\cso\AppData\Local\Microsoft\WindowsApps;C:\Users\cso\AppData\Roaming\Composer\vendor\bin;C:\Users\cso\AppData\Local\Yarn\.bin;C:\Users\cso\AppData\Local\Android\sdk\platform-tools;C:\Program Files\Java\jdk1.8.0_121\bin;C:\Users\cso\AppData\Roaming\npm

Yarn version: 
  0.20.3

Node version: 
  8.8.0

Platform: 
  win32 x64

npm manifest: 
  {
    "name": "server",
    "version": "1.0.0",
    "description": "",
    "main": "index.js",
    "scripts": {
      "test": "echo \"Error: no test specified\" && exit 1"
    },
    "author": "",
    "license": "ISC",
    "dependencies": {
      "express": "^4.16.2"
    }
  }

yarn manifest: 
  No manifest

Lockfile: 
  # THIS IS AN AUTOGENERATED FILE. DO NOT EDIT THIS FILE DIRECTLY.
  # yarn lockfile v1

Trace: 
  Error: connect ETIMEDOUT 104.16.61.173:443
      at Object._errnoException (util.js:1024:11)
      at _exceptionWithHostPort (util.js:1046:20)
      at TCPConnectWrap.afterConnect [as oncomplete] (net.js:1183:14)
